Using pre-set license
Built from '2021.3/staging' branch; Version is '2021.3.9f1 (ad3870b89536) revision 11352176'; Using compiler version '192829333'; Build Type 'Release'
OS: 'Windows 10  (10.0.19042) 64bit Education' Language: 'en' Physical Memory: 16282 MB
BatchMode: 1, IsHumanControllingUs: 0, StartBugReporterOnCrash: 0, Is64bit: 1, IsPro: 1

COMMAND LINE ARGUMENTS:
C:\Program Files\Unity\Hub\Editor\2021.3.9f1\Editor\Unity.exe
-adb2
-batchMode
-noUpm
-name
AssetImportWorker0
-projectPath
C:/Users/aheet/Documents/GitHub/KillingRomeo_singleplayer
-logFile
Logs/AssetImportWorker0.log
-srvPort
54802
Successfully changed project path to: C:/Users/aheet/Documents/GitHub/KillingRomeo_singleplayer
C:/Users/aheet/Documents/GitHub/KillingRomeo_singleplayer
[UnityMemory] Configuration Parameters - Can be set up in boot.config
    "memorysetup-bucket-allocator-granularity=16"
    "memorysetup-bucket-allocator-bucket-count=8"
    "memorysetup-bucket-allocator-block-size=33554432"
    "memorysetup-bucket-allocator-block-count=8"
    "memorysetup-main-allocator-block-size=16777216"
    "memorysetup-thread-allocator-block-size=16777216"
    "memorysetup-gfx-main-allocator-block-size=16777216"
    "memorysetup-gfx-thread-allocator-block-size=16777216"
    "memorysetup-cache-allocator-block-size=4194304"
    "memorysetup-typetree-allocator-block-size=2097152"
    "memorysetup-profiler-bucket-allocator-granularity=16"
    "memorysetup-profiler-bucket-allocator-bucket-count=8"
    "memorysetup-profiler-bucket-allocator-block-size=33554432"
    "memorysetup-profiler-bucket-allocator-block-count=8"
    "memorysetup-profiler-allocator-block-size=16777216"
    "memorysetup-profiler-editor-allocator-block-size=1048576"
    "memorysetup-temp-allocator-size-main=16777216"
    "memorysetup-job-temp-allocator-block-size=2097152"
    "memorysetup-job-temp-allocator-block-size-background=1048576"
    "memorysetup-job-temp-allocator-reduction-small-platforms=262144"
    "memorysetup-temp-allocator-size-background-worker=32768"
    "memorysetup-temp-allocator-size-job-worker=262144"
    "memorysetup-temp-allocator-size-preload-manager=33554432"
    "memorysetup-temp-allocator-size-nav-mesh-worker=65536"
    "memorysetup-temp-allocator-size-audio-worker=65536"
    "memorysetup-temp-allocator-size-cloud-worker=32768"
    "memorysetup-temp-allocator-size-gi-baking-worker=262144"
    "memorysetup-temp-allocator-size-gfx=262144"
Refreshing native plugins compatible for Editor in 127.51 ms, found 6 plugins.
Preloading 1 native plugins for Editor in 2.58 ms.
Initialize engine version: 2021.3.9f1 (ad3870b89536)
[Subsystems] Discovering subsystems at path C:/Program Files/Unity/Hub/Editor/2021.3.9f1/Editor/Data/Resources/UnitySubsystems
[Subsystems] Discovering subsystems at path C:/Users/aheet/Documents/GitHub/KillingRomeo_singleplayer/Assets
GfxDevice: creating device client; threaded=0; jobified=0
Direct3D:
    Version:  Direct3D 11.0 [level 11.1]
    Renderer: NVIDIA GeForce GTX 970 (ID=0x13c2)
    Vendor:   NVIDIA
    VRAM:     4043 MB
    Driver:   30.0.15.1215
Initialize mono
Mono path[0] = 'C:/Program Files/Unity/Hub/Editor/2021.3.9f1/Editor/Data/Managed'
Mono path[1] = 'C:/Program Files/Unity/Hub/Editor/2021.3.9f1/Editor/Data/MonoBleedingEdge/lib/mono/unityjit-win32'
Mono config path = 'C:/Program Files/Unity/Hub/Editor/2021.3.9f1/Editor/Data/MonoBleedingEdge/etc'
Using monoOptions --debugger-agent=transport=dt_socket,embedding=1,server=y,suspend=n,address=127.0.0.1:56188
Begin MonoManager ReloadAssembly
Registering precompiled unity dll's ...
Register platform support module: C:/Program Files/Unity/Hub/Editor/2021.3.9f1/Editor/Data/PlaybackEngines/AndroidPlayer/UnityEditor.Android.Extensions.dll
Register platform support module: C:/Program Files/Unity/Hub/Editor/2021.3.9f1/Editor/Data/PlaybackEngines/WindowsStandaloneSupport/UnityEditor.WindowsStandalone.Extensions.dll
Registered in 0.016647 seconds.
Native extension for WindowsStandalone target not found
Native extension for Android target not found
Refreshing native plugins compatible for Editor in 114.24 ms, found 6 plugins.
Preloading 1 native plugins for Editor in 0.31 ms.
Mono: successfully reloaded assembly
- Completed reload, in  0.847 seconds
Domain Reload Profiling:
	ReloadAssembly (848ms)
		BeginReloadAssembly (105ms)
			ExecutionOrderSort (0ms)
			DisableScriptedObjects (0ms)
			BackupInstance (0ms)
			ReleaseScriptingObjects (0ms)
			CreateAndSetChildDomain (1ms)
		EndReloadAssembly (596ms)
			LoadAssemblies (101ms)
			RebuildTransferFunctionScriptingTraits (0ms)
			SetupTypeCache (133ms)
			ReleaseScriptCaches (0ms)
			RebuildScriptCaches (36ms)
			SetupLoadedEditorAssemblies (362ms)
				LogAssemblyErrors (0ms)
				InitializePlatformSupportModulesInManaged (82ms)
				SetLoadedEditorAssemblies (0ms)
				RefreshPlugins (115ms)
				BeforeProcessingInitializeOnLoad (1ms)
				ProcessInitializeOnLoadAttributes (111ms)
				ProcessInitializeOnLoadMethodAttributes (53ms)
				AfterProcessingInitializeOnLoad (0ms)
				EditorAssembliesLoaded (0ms)
			ExecutionOrderSort2 (0ms)
			AwakeInstancesAfterBackupRestoration (0ms)
Platform modules already initialized, skipping
Registering precompiled user dll's ...
Registered in 0.011350 seconds.
Begin MonoManager ReloadAssembly
Symbol file LoadedFromMemory doesn't match image C:\Users\aheet\Documents\GitHub\KillingRomeo_singleplayer\Library\PackageCache\com.unity.visualscripting@1.7.8\Editor\VisualScripting.Core\Dependencies\YamlDotNet\Unity.VisualScripting.YamlDotNet.dll
Symbol file LoadedFromMemory doesn't match image C:\Users\aheet\Documents\GitHub\KillingRomeo_singleplayer\Library\PackageCache\com.unity.visualscripting@1.7.8\Editor\VisualScripting.Core\Dependencies\DotNetZip\Unity.VisualScripting.IonicZip.dll
Native extension for WindowsStandalone target not found
Native extension for Android target not found
Refreshing native plugins compatible for Editor in 113.77 ms, found 6 plugins.
Preloading 1 native plugins for Editor in 0.10 ms.
Package Manager log level set to [2]
System.Reflection.TargetInvocationException: Exception has been thrown by the target of an invocation. ---> System.NullReferenceException: Object reference not set to an instance of an object
  at Unity.XR.Oculus.OculusLoader.AssetPathToAbsolutePath (System.String assetPath) [0x0003d] in C:\Users\aheet\Documents\GitHub\KillingRomeo_singleplayer\Library\PackageCache\com.unity.xr.oculus@3.0.2\Runtime\OculusLoader.cs:271 
  at Unity.XR.Oculus.OculusLoader.EditorLoadOVRPlugin () [0x0007b] in C:\Users\aheet\Documents\GitHub\KillingRomeo_singleplayer\Library\PackageCache\com.unity.xr.oculus@3.0.2\Runtime\OculusLoader.cs:256 
  at (wrapper managed-to-native) System.Reflection.RuntimeMethodInfo.InternalInvoke(System.Reflection.RuntimeMethodInfo,object,object[],System.Exception&)
  at System.Reflection.RuntimeMethodInfo.Invoke (System.Object obj, System.Reflection.BindingFlags invokeAttr, System.Reflection.Binder binder, System.Object[] parameters, System.Globalization.CultureInfo culture) [0x0006a] in <9aad1b3a47484d63ba2b3985692d80e9>:0 
   --- End of inner exception stack trace ---
  at System.Reflection.RuntimeMethodInfo.Invoke (System.Object obj, System.Reflection.BindingFlags invokeAttr, System.Reflection.Binder binder, System.Object[] parameters, System.Globalization.CultureInfo culture) [0x00083] in <9aad1b3a47484d63ba2b3985692d80e9>:0 
  at System.Reflection.MethodBase.Invoke (System.Object obj, System.Object[] parameters) [0x00000] in <9aad1b3a47484d63ba2b3985692d80e9>:0 
  at UnityEditor.EditorAssemblies.ProcessInitializeOnLoadMethodAttributes () [0x000a5] in <0d6ce211ebbc47e1a35a84c3672ff58f>:0 
UnityEngine.StackTraceUtility:ExtractStackTrace ()
UnityEngine.DebugLogHandler:LogFormat (UnityEngine.LogType,UnityEngine.Object,string,object[])
UnityEngine.Logger:Log (UnityEngine.LogType,object)
UnityEngine.Debug:LogError (object)
UnityEditor.EditorAssemblies:ProcessInitializeOnLoadMethodAttributes ()

Mono: successfully reloaded assembly
- Completed reload, in  1.719 seconds
Domain Reload Profiling:
	ReloadAssembly (1720ms)
		BeginReloadAssembly (269ms)
			ExecutionOrderSort (0ms)
			DisableScriptedObjects (6ms)
			BackupInstance (0ms)
			ReleaseScriptingObjects (0ms)
			CreateAndSetChildDomain (136ms)
		EndReloadAssembly (1294ms)
			LoadAssemblies (128ms)
			RebuildTransferFunctionScriptingTraits (0ms)
			SetupTypeCache (350ms)
			ReleaseScriptCaches (1ms)
			RebuildScriptCaches (71ms)
			SetupLoadedEditorAssemblies (695ms)
				LogAssemblyErrors (0ms)
				InitializePlatformSupportModulesInManaged (18ms)
				SetLoadedEditorAssemblies (0ms)
				RefreshPlugins (114ms)
				BeforeProcessingInitializeOnLoad (137ms)
				ProcessInitializeOnLoadAttributes (362ms)
				ProcessInitializeOnLoadMethodAttributes (48ms)
				AfterProcessingInitializeOnLoad (15ms)
				EditorAssembliesLoaded (0ms)
			ExecutionOrderSort2 (0ms)
			AwakeInstancesAfterBackupRestoration (9ms)
Platform modules already initialized, skipping
========================================================================
Worker process is ready to serve import requests
Launched and connected shader compiler UnityShaderCompiler.exe after 0.18 seconds
Refreshing native plugins compatible for Editor in 1.01 ms, found 6 plugins.
Preloading 1 native plugins for Editor in 0.11 ms.
Unloading 4402 Unused Serialized files (Serialized files now loaded: 0)
Unloading 50 unused Assets / (1.5 MB). Loaded Objects now: 4859.
Memory consumption went from 235.8 MB to 234.3 MB.
Total: 4.091700 ms (FindLiveObjects: 0.405700 ms CreateObjectMapping: 0.205500 ms MarkObjects: 3.084200 ms  DeleteObjects: 0.395600 ms)

AssetImportParameters requested are different than current active one (requested -> active):
  custom:video-decoder-ogg-theora: a1e56fd34408186e4bbccfd4996cb3dc -> 
  custom:container-muxer-webm: aa71ff27fc2769a1b78a27578f13a17b -> 
  custom:container-demuxer-webm: 4f35f7cbe854078d1ac9338744f61a02 -> 
  custom:video-encoder-webm-vp8: eb34c28f22e8b96e1ab97ce403110664 -> 
  custom:video-codec-MediaFoundation-h265: 746d11721c4dcdbdad8f713fa42b33f4 -> 
  custom:audio-encoder-webm-vorbis: bf7c407c2cedff20999df2af8eb42d56 -> 
  custom:framework-win-MediaFoundation: 216162199b28c13a410421893ffa2e32 -> 
  custom:container-demuxer-ogg: 62fdf1f143b41e24485cea50d1cbac27 -> 
  custom:video-decoder-webm-vp8: 9c59270c3fd7afecdb556c50c9e8de78 -> 
  custom:audio-decoder-ogg-vorbis: bf7c407c2cedff20999df2af8eb42d56 -> 
========================================================================
Received Import Request.
  Time since last request: 531522.135520 seconds.
  path: Assets/Models
  artifactKey: Guid(dc0b5eaef4df6524091beea2c5cd2f37) Importer(815301076,1909f56bfc062723c751e8b465ee728b)
Start importing Assets/Models using Guid(dc0b5eaef4df6524091beea2c5cd2f37) Importer(815301076,1909f56bfc062723c751e8b465ee728b)  -> (artifact id: 'bc1d0b6c8baf823de3429c0ab781f3e2') in 0.016195 seconds 
========================================================================
Received Import Request.
  Time since last request: 9.985113 seconds.
  path: Assets/Models/ScaleChains.fbx
  artifactKey: Guid(888af97894dfe704a89ed1a0a9158ede) Importer(815301076,1909f56bfc062723c751e8b465ee728b)
Start importing Assets/Models/ScaleChains.fbx using Guid(888af97894dfe704a89ed1a0a9158ede) Importer(815301076,1909f56bfc062723c751e8b465ee728b)  -> (artifact id: 'b9b844681ddc148a608da1607ce72851') in 0.195194 seconds 
========================================================================
Received Import Request.
  Time since last request: 4.652861 seconds.
  path: Assets/Models/ApothecaryShopWalls.fbx
  artifactKey: Guid(af52681dc9340f74ca44cc04faad72f7) Importer(815301076,1909f56bfc062723c751e8b465ee728b)
Start importing Assets/Models/ApothecaryShopWalls.fbx using Guid(af52681dc9340f74ca44cc04faad72f7) Importer(815301076,1909f56bfc062723c751e8b465ee728b)  -> (artifact id: '8474914ddb4c639810f5b8c7e5f3e403') in 0.041733 seconds 
========================================================================
Received Import Request.
  Time since last request: 76.198542 seconds.
  path: Assets/Models/Cake_Rose.fbx
  artifactKey: Guid(a6ed0d2519d6d154ab595dfa4e79aa1e) Importer(815301076,1909f56bfc062723c751e8b465ee728b)
Start importing Assets/Models/Cake_Rose.fbx using Guid(a6ed0d2519d6d154ab595dfa4e79aa1e) Importer(815301076,1909f56bfc062723c751e8b465ee728b)  -> (artifact id: 'e725e9774c1a05598e39120beafebe47') in 0.039300 seconds 
========================================================================
Received Import Request.
  Time since last request: 5.332113 seconds.
  path: Assets/Models/Ducat
  artifactKey: Guid(218b7a6dc9e03a84b9abdea57b2e32d3) Importer(815301076,1909f56bfc062723c751e8b465ee728b)
Start importing Assets/Models/Ducat using Guid(218b7a6dc9e03a84b9abdea57b2e32d3) Importer(815301076,1909f56bfc062723c751e8b465ee728b)  -> (artifact id: '582d32a4c677d6c78e885bde8491267f') in 0.009753 seconds 
========================================================================
Received Import Request.
  Time since last request: 2.560485 seconds.
  path: Assets/Models/Ducat/Ducat.jpg
  artifactKey: Guid(cb27cea5c2d122445a944709cae271da) Importer(815301076,1909f56bfc062723c751e8b465ee728b)
Start importing Assets/Models/Ducat/Ducat.jpg using Guid(cb27cea5c2d122445a944709cae271da) Importer(815301076,1909f56bfc062723c751e8b465ee728b)  -> (artifact id: '44dd92e7adce31e829a85fd7067fc58a') in 0.031064 seconds 
========================================================================
Received Import Request.
  Time since last request: 3.661155 seconds.
  path: Assets/Models/Ducat.fbx
  artifactKey: Guid(b36cc230a654d2e429112b9938a210ef) Importer(815301076,1909f56bfc062723c751e8b465ee728b)
Start importing Assets/Models/Ducat.fbx using Guid(b36cc230a654d2e429112b9938a210ef) Importer(815301076,1909f56bfc062723c751e8b465ee728b)  -> (artifact id: '3700aa8a32160a525c94811735575b1c') in 0.049724 seconds 
========================================================================
Received Import Request.
  Time since last request: 15.116570 seconds.
  path: Assets/Models/Ducat.fbx
  artifactKey: Guid(b36cc230a654d2e429112b9938a210ef) Importer(815301076,1909f56bfc062723c751e8b465ee728b)
Start importing Assets/Models/Ducat.fbx using Guid(b36cc230a654d2e429112b9938a210ef) Importer(815301076,1909f56bfc062723c751e8b465ee728b)  -> (artifact id: 'c72332558ec513be20dc7286624d788c') in 0.042233 seconds 
========================================================================
Received Import Request.
  Time since last request: 2.704631 seconds.
  path: Assets/Models/Candle.fbx
  artifactKey: Guid(5c59498ae0b273b40aa368b0e6814b9b) Importer(815301076,1909f56bfc062723c751e8b465ee728b)
Start importing Assets/Models/Candle.fbx using Guid(5c59498ae0b273b40aa368b0e6814b9b) Importer(815301076,1909f56bfc062723c751e8b465ee728b)  -> (artifact id: '04b565ba65e43c6cfb4ec92200ec74f4') in 0.072855 seconds 
========================================================================
Received Import Request.
  Time since last request: 4.081920 seconds.
  path: Assets/Models/Candle.fbx
  artifactKey: Guid(5c59498ae0b273b40aa368b0e6814b9b) Importer(815301076,1909f56bfc062723c751e8b465ee728b)
Start importing Assets/Models/Candle.fbx using Guid(5c59498ae0b273b40aa368b0e6814b9b) Importer(815301076,1909f56bfc062723c751e8b465ee728b)  -> (artifact id: '53958b3244a203b2c34d4263ffd94e85') in 0.070324 seconds 
